[0;32m
Stage 0: Downloading libri_dev set...[0m
  Done
[0;32m
Stage 0: Downloading libri_test set...[0m
  Unpacking libri_test data set...
fix_data_dir.sh: kept all 2620 utterances.
fix_data_dir.sh: old files are kept in data/libri_test/.backup
utils/validate_data_dir.sh: Successfully validated data-directory data/libri_test
  Done
[0;32m
Stage 0: Downloading vctk_dev set...[0m
  Unpacking vctk_dev data set...
utils/fix_data_dir.sh: file data/vctk_dev/wav.scp is not in sorted order or not unique, sorting it
fix_data_dir.sh: kept all 12253 utterances.
fix_data_dir.sh: old files are kept in data/vctk_dev/.backup
utils/validate_data_dir.sh: Successfully validated data-directory data/vctk_dev
  Done
[0;32m
Stage 0: Downloading vctk_test set...[0m
  Unpacking vctk_test data set...
fix_data_dir.sh: kept all 12350 utterances.
fix_data_dir.sh: old files are kept in data/vctk_test/.backup
utils/validate_data_dir.sh: Successfully validated data-directory data/vctk_test
  Done
[0;32m
Stage 8: Making evaluation subsets...[0m
File corpora/data/utt_list/libri_dev/enrolls does not exist
