[0;32m
Stage 6: Prepare anonymization pool data...[0m
utils/fix_data_dir.sh: file data/libritts_train_other_500/utt2spk is not in sorted order or not unique, sorting it
utils/fix_data_dir.sh: file data/libritts_train_other_500/spk2utt is not in sorted order or not unique, sorting it
utils/fix_data_dir.sh: file data/libritts_train_other_500/text is not in sorted order or not unique, sorting it
utils/fix_data_dir.sh: file data/libritts_train_other_500/wav.scp is not in sorted order or not unique, sorting it
utils/fix_data_dir.sh: file data/libritts_train_other_500/spk2gender is not in sorted order or not unique, sorting it
fix_data_dir.sh: kept all 205044 utterances.
fix_data_dir.sh: old files are kept in data/libritts_train_other_500/.backup
utils/validate_data_dir.sh: Successfully validated data-directory data/libritts_train_other_500
local/data_prep_libritts.sh: successfully prepared data in data/libritts_train_other_500
[0;32m
Stage 7: Extracting xvectors for anonymization pool...[0m
steps/make_mfcc.sh --write-utt2num-frames true --mfcc-config conf/mfcc.conf --nj 12 --cmd run.pl data/libritts_train_other_500 exp/make_mfcc /data/yh/Voice-Privacy-Challenge-2020/baseline/mfcc
steps/make_mfcc.sh: moving data/libritts_train_other_500/feats.scp to data/libritts_train_other_500/.backup
utils/validate_data_dir.sh: Successfully validated data-directory data/libritts_train_other_500
steps/make_mfcc.sh: [info]: no segments file exists: assuming wav.scp indexed by utterance.
test1
test2
test3
steps/make_mfcc.sh: Succeeded creating MFCC features for libritts_train_other_500
fix_data_dir.sh: kept all 205044 utterances.
fix_data_dir.sh: old files are kept in data/libritts_train_other_500/.backup
sid/compute_vad_decision.sh --nj 12 --cmd run.pl data/libritts_train_other_500 exp/make_vad /data/yh/Voice-Privacy-Challenge-2020/baseline/mfcc
sid/compute_vad_decision.sh: moving data/libritts_train_other_500/vad.scp to data/libritts_train_other_500/.backup
Created VAD output for libritts_train_other_500
fix_data_dir.sh: kept all 205044 utterances.
fix_data_dir.sh: old files are kept in data/libritts_train_other_500/.backup
sid/nnet3/xvector/extract_xvectors.sh --cmd run.pl --nj 12 exp/models/2_xvect_extr/exp/xvector_nnet_1a data/libritts_train_other_500 exp/models/2_xvect_extr/exp/xvector_nnet_1a/anon/xvectors_libritts_train_other_500
sid/nnet3/xvector/extract_xvectors.sh: using exp/models/2_xvect_extr/exp/xvector_nnet_1a/extract.config to extract xvectors
sid/nnet3/xvector/extract_xvectors.sh: extracting xvectors for data/libritts_train_other_500
sid/nnet3/xvector/extract_xvectors.sh: extracting xvectors from nnet
sid/nnet3/xvector/extract_xvectors.sh: combining xvectors across jobs
sid/nnet3/xvector/extract_xvectors.sh: computing mean of xvectors for each speaker
[0;32m
Stage 8: Making evaluation subsets...[0m
File corpora/data/utt_list/libri_dev/enrolls does not exist
